[2025-11-24 01:06:45] [信息     ] [StudentScoreSystem] 日志系统初始化成功 
[2025-11-24 01:06:45] [信息     ] [StudentScoreSystem] 系统事件 - 系统启动: 学生成绩管理系统开始启动 
[2025-11-24 01:06:45] [信息     ] [StudentScoreSystem] 开始初始化控制器 
[2025-11-24 01:06:45] [信息     ] [StudentScoreSystem] 控制器初始化完成 
[2025-11-24 01:06:45] [信息     ] [StudentScoreSystem] 开始注册控制器到菜单系统 
[2025-11-24 01:06:45] [详细     ] [StudentScoreSystem] 批量注册控制器，数量: 4 
[2025-11-24 01:06:45] [详细     ] [StudentScoreSystem] 注册控制器: SystemController 
[2025-11-24 01:06:45] [详细     ] [StudentScoreSystem] 注册控制器: StudentController 
[2025-11-24 01:06:45] [详细     ] [StudentScoreSystem] 注册控制器: CourseController 
[2025-11-24 01:06:45] [详细     ] [StudentScoreSystem] 注册控制器: ScoreController 
[2025-11-24 01:06:45] [详细     ] [StudentScoreSystem] 批量控制器注册完成 
[2025-11-24 01:06:45] [详细     ] [StudentScoreSystem] 初始化菜单系统 
[2025-11-24 01:06:45] [详细     ] [StudentScoreSystem] 菜单系统初始化完成 
[2025-11-24 01:06:45] [信息     ] [StudentScoreSystem] 菜单系统初始化完成 
[2025-11-24 01:06:45] [信息     ] [StudentScoreSystem] 开始初始化各控制器的dispatcher和router 
[2025-11-24 01:06:45] [详细     ] [StudentScoreSystem] 初始化控制器: SystemController 
[2025-11-24 01:06:45] [详细     ] [StudentScoreSystem] 设置Dispatcher: SystemController 
[2025-11-24 01:06:45] [详细     ] [StudentScoreSystem] 设置Router: SystemController 
[2025-11-24 01:06:45] [详细     ] [StudentScoreSystem] 控制器初始化完成: SystemController 
[2025-11-24 01:06:45] [详细     ] [StudentScoreSystem] 初始化控制器: StudentController 
[2025-11-24 01:06:45] [详细     ] [StudentScoreSystem] 设置Dispatcher: StudentController 
[2025-11-24 01:06:45] [详细     ] [StudentScoreSystem] 设置Router: StudentController 
[2025-11-24 01:06:45] [详细     ] [StudentScoreSystem] 控制器初始化完成: StudentController 
[2025-11-24 01:06:45] [详细     ] [StudentScoreSystem] 初始化控制器: CourseController 
[2025-11-24 01:06:45] [详细     ] [StudentScoreSystem] 设置Dispatcher: CourseController 
[2025-11-24 01:06:45] [详细     ] [StudentScoreSystem] 设置Router: CourseController 
[2025-11-24 01:06:45] [详细     ] [StudentScoreSystem] 控制器初始化完成: CourseController 
[2025-11-24 01:06:45] [详细     ] [StudentScoreSystem] 初始化控制器: ScoreController 
[2025-11-24 01:06:45] [详细     ] [StudentScoreSystem] 设置Dispatcher: ScoreController 
[2025-11-24 01:06:45] [详细     ] [StudentScoreSystem] 设置Router: ScoreController 
[2025-11-24 01:06:45] [详细     ] [StudentScoreSystem] 控制器初始化完成: ScoreController 
[2025-11-24 01:06:45] [信息     ] [StudentScoreSystem] 所有控制器初始化完成 
[2025-11-24 01:06:45] [信息     ] [StudentScoreSystem] 系统事件 - 系统启动完成: 进入用户交互界面 
[2025-11-24 01:06:45] [信息     ] [StudentScoreSystem] 系统事件 - 用户交互开始: 显示登录/注册界面 
[2025-11-24 01:07:04] [信息     ] [StudentScoreSystem] 用户尝试登录 
[2025-11-24 01:07:07] [信息     ] [StudentScoreSystem] 认证事件 - 用户[mo] 登录尝试: 失败 
[2025-11-24 01:07:07] [详细     ] [StudentScoreSystem] 初始化UserDAOImpl 
[2025-11-24 01:07:07] [详细     ] [StudentScoreSystem] 数据库操作 - 创建表 表[user]: 初始化用户表结构 
[2025-11-24 01:07:07] [详细     ] [StudentScoreSystem] 用户表创建成功 
[2025-11-24 01:07:07] [详细     ] [StudentScoreSystem] 数据库操作 - 创建表 表[user_role]: 初始化用户角色关联表结构 
[2025-11-24 01:07:07] [详细     ] [StudentScoreSystem] 用户角色关联表创建成功 
[2025-11-24 01:07:07] [详细     ] [StudentScoreSystem] UserDAOImpl初始化完成 
[2025-11-24 01:07:07] [信息     ] [StudentScoreSystem] 用户登录认证开始 - Username: mo 
[2025-11-24 01:07:07] [详细     ] [StudentScoreSystem] 数据库操作 - 查询 表[User]: 根据用户名查询用户: mo 
[2025-11-24 01:07:07] [详细     ] [StudentScoreSystem] 数据库操作 - 查询 表[user]: 根据用户名查询用户: mo 
[2025-11-24 01:07:07] [详细     ] [StudentScoreSystem] 根据用户名查询用户成功 - Username: mo, ID: 667706af-922b-45a8-b909-9eb8719cb32c 
[2025-11-24 01:07:07] [信息     ] [StudentScoreSystem] 用户密码验证成功 - Username: mo 
[2025-11-24 01:07:07] [详细     ] [StudentScoreSystem] 数据库操作 - 查询 表[Role]: 获取用户角色: 667706af-922b-45a8-b909-9eb8719cb32c 
[2025-11-24 01:07:07] [信息     ] [StudentScoreSystem] 获取用户角色成功 - Username: mo, Roles: [Ljava.lang.Object;@427fc2f9 
[2025-11-24 01:07:07] [详细     ] [StudentScoreSystem] 创建新会话 - UserID: 667706af-922b-45a8-b909-9eb8719cb32c, Username: mo, Roles: [Ljava.lang.Object;@7d377fc2 
[2025-11-24 01:07:07] [信息     ] [StudentScoreSystem] 会话创建成功 - SessionID: 201f2ff1-abac-471b-8176-c8ad2dd24789, Username: mo 
[2025-11-24 01:07:07] [详细     ] [StudentScoreSystem] 当前活跃会话数: 1 
[2025-11-24 01:07:07] [信息     ] [StudentScoreSystem] 创建用户会话成功 - Username: mo, SessionID: 201f2ff1-abac-471b-8176-c8ad2dd24789 
[2025-11-24 01:07:07] [信息     ] [StudentScoreSystem] 用户登录认证成功 - Username: mo, SessionID: 201f2ff1-abac-471b-8176-c8ad2dd24789 
[2025-11-24 01:07:07] [信息     ] [StudentScoreSystem] 认证事件 - 用户[mo] 登录: 成功 
[2025-11-24 01:07:07] [信息     ] [StudentScoreSystem] 用户登录成功: mo, SessionID: 201f2ff1-abac-471b-8176-c8ad2dd24789 
[2025-11-24 01:07:07] [信息     ] [StudentScoreSystem] 系统事件 - 用户登录成功: 用户成功进入主系统 
[2025-11-24 01:07:07] [信息     ] [StudentScoreSystem] 系统事件 - 进入主菜单: 用户进入主程序循环 
[2025-11-24 01:07:07] [详细     ] [StudentScoreSystem] 获取会话角色 - SessionID: 201f2ff1-abac-471b-8176-c8ad2dd24789 
[2025-11-24 01:07:07] [详细     ] [StudentScoreSystem] 查找会话 - SessionID: 201f2ff1-abac-471b-8176-c8ad2dd24789 
[2025-11-24 01:07:07] [详细     ] [StudentScoreSystem] 会话找到 - SessionID: 201f2ff1-abac-471b-8176-c8ad2dd24789, Username: mo 
[2025-11-24 01:07:07] [详细     ] [StudentScoreSystem] 获取会话角色成功 - SessionID: 201f2ff1-abac-471b-8176-c8ad2dd24789, Roles: [Ljava.lang.Object;@83a3ec4 
[2025-11-24 01:07:07] [详细     ] [StudentScoreSystem] 获取会话角色 - SessionID: 201f2ff1-abac-471b-8176-c8ad2dd24789 
[2025-11-24 01:07:07] [详细     ] [StudentScoreSystem] 查找会话 - SessionID: 201f2ff1-abac-471b-8176-c8ad2dd24789 
[2025-11-24 01:07:07] [详细     ] [StudentScoreSystem] 会话找到 - SessionID: 201f2ff1-abac-471b-8176-c8ad2dd24789, Username: mo 
[2025-11-24 01:07:07] [详细     ] [StudentScoreSystem] 获取会话角色成功 - SessionID: 201f2ff1-abac-471b-8176-c8ad2dd24789, Roles: [Ljava.lang.Object;@4e35896e 
[2025-11-24 01:07:07] [详细     ] [StudentScoreSystem] 获取会话角色 - SessionID: 201f2ff1-abac-471b-8176-c8ad2dd24789 
[2025-11-24 01:07:07] [详细     ] [StudentScoreSystem] 查找会话 - SessionID: 201f2ff1-abac-471b-8176-c8ad2dd24789 
[2025-11-24 01:07:07] [详细     ] [StudentScoreSystem] 会话找到 - SessionID: 201f2ff1-abac-471b-8176-c8ad2dd24789, Username: mo 
[2025-11-24 01:07:07] [详细     ] [StudentScoreSystem] 获取会话角色成功 - SessionID: 201f2ff1-abac-471b-8176-c8ad2dd24789, Roles: [Ljava.lang.Object;@179b5d95 
[2025-11-24 01:07:07] [详细     ] [StudentScoreSystem] 获取会话角色 - SessionID: 201f2ff1-abac-471b-8176-c8ad2dd24789 
[2025-11-24 01:07:07] [详细     ] [StudentScoreSystem] 查找会话 - SessionID: 201f2ff1-abac-471b-8176-c8ad2dd24789 
[2025-11-24 01:07:07] [详细     ] [StudentScoreSystem] 会话找到 - SessionID: 201f2ff1-abac-471b-8176-c8ad2dd24789, Username: mo 
[2025-11-24 01:07:07] [详细     ] [StudentScoreSystem] 获取会话角色成功 - SessionID: 201f2ff1-abac-471b-8176-c8ad2dd24789, Roles: [Ljava.lang.Object;@327117ed 
[2025-11-24 01:07:07] [详细     ] [StudentScoreSystem] 获取会话角色 - SessionID: 201f2ff1-abac-471b-8176-c8ad2dd24789 
[2025-11-24 01:07:07] [详细     ] [StudentScoreSystem] 查找会话 - SessionID: 201f2ff1-abac-471b-8176-c8ad2dd24789 
[2025-11-24 01:07:07] [详细     ] [StudentScoreSystem] 会话找到 - SessionID: 201f2ff1-abac-471b-8176-c8ad2dd24789, Username: mo 
[2025-11-24 01:07:07] [详细     ] [StudentScoreSystem] 获取会话角色成功 - SessionID: 201f2ff1-abac-471b-8176-c8ad2dd24789, Roles: [Ljava.lang.Object;@6be4c379 
[2025-11-24 01:07:16] [详细     ] [StudentScoreSystem] 获取会话角色 - SessionID: 201f2ff1-abac-471b-8176-c8ad2dd24789 
[2025-11-24 01:07:16] [详细     ] [StudentScoreSystem] 查找会话 - SessionID: 201f2ff1-abac-471b-8176-c8ad2dd24789 
[2025-11-24 01:07:16] [详细     ] [StudentScoreSystem] 会话找到 - SessionID: 201f2ff1-abac-471b-8176-c8ad2dd24789, Username: mo 
[2025-11-24 01:07:16] [详细     ] [StudentScoreSystem] 获取会话角色成功 - SessionID: 201f2ff1-abac-471b-8176-c8ad2dd24789, Roles: [Ljava.lang.Object;@9784992 
[2025-11-24 01:07:16] [信息     ] [StudentScoreSystem] 用户操作 - 用户[201f2ff1-abac-471b-8176-c8ad2dd24789] 执行操作: 用户登出, 详情: 无 
[2025-11-24 01:07:16] [信息     ] [StudentScoreSystem] 用户安全退出登录，SessionID: 201f2ff1-abac-471b-8176-c8ad2dd24789 
[2025-11-24 01:07:16] [信息     ] [StudentScoreSystem] 系统事件 - 用户交互开始: 显示登录/注册界面 
[2025-11-24 01:07:26] [信息     ] [StudentScoreSystem] 用户尝试登录 
[2025-11-24 01:07:29] [信息     ] [StudentScoreSystem] 认证事件 - 用户[t1] 登录尝试: 失败 
[2025-11-24 01:07:29] [信息     ] [StudentScoreSystem] 用户登录认证开始 - Username: t1 
[2025-11-24 01:07:29] [详细     ] [StudentScoreSystem] 数据库操作 - 查询 表[User]: 根据用户名查询用户: t1 
[2025-11-24 01:07:29] [详细     ] [StudentScoreSystem] 数据库操作 - 查询 表[user]: 根据用户名查询用户: t1 
[2025-11-24 01:07:29] [详细     ] [StudentScoreSystem] 根据用户名查询用户成功 - Username: t1, ID: b726e313-1219-4a12-9c8d-4b9df936f3dc 
[2025-11-24 01:07:29] [信息     ] [StudentScoreSystem] 用户密码验证成功 - Username: t1 
[2025-11-24 01:07:29] [详细     ] [StudentScoreSystem] 数据库操作 - 查询 表[Role]: 获取用户角色: b726e313-1219-4a12-9c8d-4b9df936f3dc 
[2025-11-24 01:07:29] [信息     ] [StudentScoreSystem] 获取用户角色成功 - Username: t1, Roles: [Ljava.lang.Object;@4442dadd 
[2025-11-24 01:07:29] [详细     ] [StudentScoreSystem] 创建新会话 - UserID: b726e313-1219-4a12-9c8d-4b9df936f3dc, Username: t1, Roles: [Ljava.lang.Object;@7e3673c7 
[2025-11-24 01:07:29] [信息     ] [StudentScoreSystem] 会话创建成功 - SessionID: a03a2da1-3c8c-4ef6-9ca6-18774b935024, Username: t1 
[2025-11-24 01:07:29] [详细     ] [StudentScoreSystem] 当前活跃会话数: 2 
[2025-11-24 01:07:29] [信息     ] [StudentScoreSystem] 创建用户会话成功 - Username: t1, SessionID: a03a2da1-3c8c-4ef6-9ca6-18774b935024 
[2025-11-24 01:07:29] [信息     ] [StudentScoreSystem] 用户登录认证成功 - Username: t1, SessionID: a03a2da1-3c8c-4ef6-9ca6-18774b935024 
[2025-11-24 01:07:29] [信息     ] [StudentScoreSystem] 认证事件 - 用户[t1] 登录: 成功 
[2025-11-24 01:07:29] [信息     ] [StudentScoreSystem] 用户登录成功: t1, SessionID: a03a2da1-3c8c-4ef6-9ca6-18774b935024 
[2025-11-24 01:07:29] [信息     ] [StudentScoreSystem] 系统事件 - 用户登录成功: 用户成功进入主系统 
[2025-11-24 01:07:29] [信息     ] [StudentScoreSystem] 系统事件 - 进入主菜单: 用户进入主程序循环 
[2025-11-24 01:07:29] [详细     ] [StudentScoreSystem] 获取会话角色 - SessionID: a03a2da1-3c8c-4ef6-9ca6-18774b935024 
[2025-11-24 01:07:29] [详细     ] [StudentScoreSystem] 查找会话 - SessionID: a03a2da1-3c8c-4ef6-9ca6-18774b935024 
[2025-11-24 01:07:29] [详细     ] [StudentScoreSystem] 会话找到 - SessionID: a03a2da1-3c8c-4ef6-9ca6-18774b935024, Username: t1 
[2025-11-24 01:07:29] [详细     ] [StudentScoreSystem] 获取会话角色成功 - SessionID: a03a2da1-3c8c-4ef6-9ca6-18774b935024, Roles: [Ljava.lang.Object;@33848873 
[2025-11-24 01:07:29] [详细     ] [StudentScoreSystem] 获取会话角色 - SessionID: a03a2da1-3c8c-4ef6-9ca6-18774b935024 
[2025-11-24 01:07:29] [详细     ] [StudentScoreSystem] 查找会话 - SessionID: a03a2da1-3c8c-4ef6-9ca6-18774b935024 
[2025-11-24 01:07:29] [详细     ] [StudentScoreSystem] 会话找到 - SessionID: a03a2da1-3c8c-4ef6-9ca6-18774b935024, Username: t1 
[2025-11-24 01:07:29] [详细     ] [StudentScoreSystem] 获取会话角色成功 - SessionID: a03a2da1-3c8c-4ef6-9ca6-18774b935024, Roles: [Ljava.lang.Object;@78fb6348 
[2025-11-24 01:07:29] [详细     ] [StudentScoreSystem] 获取会话角色 - SessionID: a03a2da1-3c8c-4ef6-9ca6-18774b935024 
[2025-11-24 01:07:29] [详细     ] [StudentScoreSystem] 查找会话 - SessionID: a03a2da1-3c8c-4ef6-9ca6-18774b935024 
[2025-11-24 01:07:29] [详细     ] [StudentScoreSystem] 会话找到 - SessionID: a03a2da1-3c8c-4ef6-9ca6-18774b935024, Username: t1 
[2025-11-24 01:07:29] [详细     ] [StudentScoreSystem] 获取会话角色成功 - SessionID: a03a2da1-3c8c-4ef6-9ca6-18774b935024, Roles: [Ljava.lang.Object;@2abdcab8 
[2025-11-24 01:07:29] [详细     ] [StudentScoreSystem] 获取会话角色 - SessionID: a03a2da1-3c8c-4ef6-9ca6-18774b935024 
[2025-11-24 01:07:29] [详细     ] [StudentScoreSystem] 查找会话 - SessionID: a03a2da1-3c8c-4ef6-9ca6-18774b935024 
[2025-11-24 01:07:29] [详细     ] [StudentScoreSystem] 会话找到 - SessionID: a03a2da1-3c8c-4ef6-9ca6-18774b935024, Username: t1 
[2025-11-24 01:07:29] [详细     ] [StudentScoreSystem] 获取会话角色成功 - SessionID: a03a2da1-3c8c-4ef6-9ca6-18774b935024, Roles: [Ljava.lang.Object;@67d83c63 
[2025-11-24 01:07:29] [详细     ] [StudentScoreSystem] 获取会话角色 - SessionID: a03a2da1-3c8c-4ef6-9ca6-18774b935024 
[2025-11-24 01:07:29] [详细     ] [StudentScoreSystem] 查找会话 - SessionID: a03a2da1-3c8c-4ef6-9ca6-18774b935024 
[2025-11-24 01:07:29] [详细     ] [StudentScoreSystem] 会话找到 - SessionID: a03a2da1-3c8c-4ef6-9ca6-18774b935024, Username: t1 
[2025-11-24 01:07:29] [详细     ] [StudentScoreSystem] 获取会话角色成功 - SessionID: a03a2da1-3c8c-4ef6-9ca6-18774b935024, Roles: [Ljava.lang.Object;@7008e7fb 
[2025-11-24 01:07:37] [详细     ] [StudentScoreSystem] 获取会话角色 - SessionID: a03a2da1-3c8c-4ef6-9ca6-18774b935024 
[2025-11-24 01:07:37] [详细     ] [StudentScoreSystem] 查找会话 - SessionID: a03a2da1-3c8c-4ef6-9ca6-18774b935024 
[2025-11-24 01:07:37] [详细     ] [StudentScoreSystem] 会话找到 - SessionID: a03a2da1-3c8c-4ef6-9ca6-18774b935024, Username: t1 
[2025-11-24 01:07:37] [详细     ] [StudentScoreSystem] 获取会话角色成功 - SessionID: a03a2da1-3c8c-4ef6-9ca6-18774b935024, Roles: [Ljava.lang.Object;@534a2b91 
[2025-11-24 01:07:37] [信息     ] [StudentScoreSystem] 用户操作 - 用户[a03a2da1-3c8c-4ef6-9ca6-18774b935024] 执行操作: 用户登出, 详情: 无 
[2025-11-24 01:07:37] [信息     ] [StudentScoreSystem] 用户安全退出登录，SessionID: a03a2da1-3c8c-4ef6-9ca6-18774b935024 
[2025-11-24 01:07:37] [信息     ] [StudentScoreSystem] 系统事件 - 用户交互开始: 显示登录/注册界面 
[2025-11-24 01:07:42] [信息     ] [StudentScoreSystem] 用户尝试登录 
[2025-11-24 01:07:44] [信息     ] [StudentScoreSystem] 认证事件 - 用户[s1] 登录尝试: 失败 
[2025-11-24 01:07:44] [信息     ] [StudentScoreSystem] 用户登录认证开始 - Username: s1 
[2025-11-24 01:07:44] [详细     ] [StudentScoreSystem] 数据库操作 - 查询 表[User]: 根据用户名查询用户: s1 
[2025-11-24 01:07:44] [详细     ] [StudentScoreSystem] 数据库操作 - 查询 表[user]: 根据用户名查询用户: s1 
[2025-11-24 01:07:44] [详细     ] [StudentScoreSystem] 根据用户名查询用户成功 - Username: s1, ID: 5709523d-9ca3-4d60-bf71-c52a69bde748 
[2025-11-24 01:07:44] [信息     ] [StudentScoreSystem] 用户密码验证成功 - Username: s1 
[2025-11-24 01:07:44] [详细     ] [StudentScoreSystem] 数据库操作 - 查询 表[Role]: 获取用户角色: 5709523d-9ca3-4d60-bf71-c52a69bde748 
[2025-11-24 01:07:44] [信息     ] [StudentScoreSystem] 获取用户角色成功 - Username: s1, Roles: [Ljava.lang.Object;@67bd01a 
[2025-11-24 01:07:44] [详细     ] [StudentScoreSystem] 创建新会话 - UserID: 5709523d-9ca3-4d60-bf71-c52a69bde748, Username: s1, Roles: [Ljava.lang.Object;@4ef65e7 
[2025-11-24 01:07:44] [信息     ] [StudentScoreSystem] 会话创建成功 - SessionID: c105fba6-86b3-4e66-9a5f-8e6ca62e53e7, Username: s1 
[2025-11-24 01:07:44] [详细     ] [StudentScoreSystem] 当前活跃会话数: 3 
[2025-11-24 01:07:44] [信息     ] [StudentScoreSystem] 创建用户会话成功 - Username: s1, SessionID: c105fba6-86b3-4e66-9a5f-8e6ca62e53e7 
[2025-11-24 01:07:44] [信息     ] [StudentScoreSystem] 用户登录认证成功 - Username: s1, SessionID: c105fba6-86b3-4e66-9a5f-8e6ca62e53e7 
[2025-11-24 01:07:44] [信息     ] [StudentScoreSystem] 认证事件 - 用户[s1] 登录: 成功 
[2025-11-24 01:07:44] [信息     ] [StudentScoreSystem] 用户登录成功: s1, SessionID: c105fba6-86b3-4e66-9a5f-8e6ca62e53e7 
[2025-11-24 01:07:44] [信息     ] [StudentScoreSystem] 系统事件 - 用户登录成功: 用户成功进入主系统 
[2025-11-24 01:07:44] [信息     ] [StudentScoreSystem] 系统事件 - 进入主菜单: 用户进入主程序循环 
[2025-11-24 01:07:44] [详细     ] [StudentScoreSystem] 获取会话角色 - SessionID: c105fba6-86b3-4e66-9a5f-8e6ca62e53e7 
[2025-11-24 01:07:44] [详细     ] [StudentScoreSystem] 查找会话 - SessionID: c105fba6-86b3-4e66-9a5f-8e6ca62e53e7 
[2025-11-24 01:07:44] [详细     ] [StudentScoreSystem] 会话找到 - SessionID: c105fba6-86b3-4e66-9a5f-8e6ca62e53e7, Username: s1 
[2025-11-24 01:07:44] [详细     ] [StudentScoreSystem] 获取会话角色成功 - SessionID: c105fba6-86b3-4e66-9a5f-8e6ca62e53e7, Roles: [Ljava.lang.Object;@25328ab3 
[2025-11-24 01:07:44] [详细     ] [StudentScoreSystem] 获取会话角色 - SessionID: c105fba6-86b3-4e66-9a5f-8e6ca62e53e7 
[2025-11-24 01:07:44] [详细     ] [StudentScoreSystem] 查找会话 - SessionID: c105fba6-86b3-4e66-9a5f-8e6ca62e53e7 
[2025-11-24 01:07:44] [详细     ] [StudentScoreSystem] 会话找到 - SessionID: c105fba6-86b3-4e66-9a5f-8e6ca62e53e7, Username: s1 
[2025-11-24 01:07:44] [详细     ] [StudentScoreSystem] 获取会话角色成功 - SessionID: c105fba6-86b3-4e66-9a5f-8e6ca62e53e7, Roles: [Ljava.lang.Object;@4a5154b2 
[2025-11-24 01:07:44] [详细     ] [StudentScoreSystem] 获取会话角色 - SessionID: c105fba6-86b3-4e66-9a5f-8e6ca62e53e7 
[2025-11-24 01:07:44] [详细     ] [StudentScoreSystem] 查找会话 - SessionID: c105fba6-86b3-4e66-9a5f-8e6ca62e53e7 
[2025-11-24 01:07:44] [详细     ] [StudentScoreSystem] 会话找到 - SessionID: c105fba6-86b3-4e66-9a5f-8e6ca62e53e7, Username: s1 
[2025-11-24 01:07:44] [详细     ] [StudentScoreSystem] 获取会话角色成功 - SessionID: c105fba6-86b3-4e66-9a5f-8e6ca62e53e7, Roles: [Ljava.lang.Object;@1272b6e2 
[2025-11-24 01:07:44] [详细     ] [StudentScoreSystem] 获取会话角色 - SessionID: c105fba6-86b3-4e66-9a5f-8e6ca62e53e7 
[2025-11-24 01:07:44] [详细     ] [StudentScoreSystem] 查找会话 - SessionID: c105fba6-86b3-4e66-9a5f-8e6ca62e53e7 
[2025-11-24 01:07:44] [详细     ] [StudentScoreSystem] 会话找到 - SessionID: c105fba6-86b3-4e66-9a5f-8e6ca62e53e7, Username: s1 
[2025-11-24 01:07:44] [详细     ] [StudentScoreSystem] 获取会话角色成功 - SessionID: c105fba6-86b3-4e66-9a5f-8e6ca62e53e7, Roles: [Ljava.lang.Object;@6d4d2916 
[2025-11-24 01:07:44] [详细     ] [StudentScoreSystem] 获取会话角色 - SessionID: c105fba6-86b3-4e66-9a5f-8e6ca62e53e7 
[2025-11-24 01:07:44] [详细     ] [StudentScoreSystem] 查找会话 - SessionID: c105fba6-86b3-4e66-9a5f-8e6ca62e53e7 
[2025-11-24 01:07:44] [详细     ] [StudentScoreSystem] 会话找到 - SessionID: c105fba6-86b3-4e66-9a5f-8e6ca62e53e7, Username: s1 
[2025-11-24 01:07:44] [详细     ] [StudentScoreSystem] 获取会话角色成功 - SessionID: c105fba6-86b3-4e66-9a5f-8e6ca62e53e7, Roles: [Ljava.lang.Object;@5c9b411e 
[2025-11-24 01:07:46] [详细     ] [StudentScoreSystem] 获取会话角色 - SessionID: c105fba6-86b3-4e66-9a5f-8e6ca62e53e7 
[2025-11-24 01:07:46] [详细     ] [StudentScoreSystem] 查找会话 - SessionID: c105fba6-86b3-4e66-9a5f-8e6ca62e53e7 
[2025-11-24 01:07:46] [详细     ] [StudentScoreSystem] 会话找到 - SessionID: c105fba6-86b3-4e66-9a5f-8e6ca62e53e7, Username: s1 
[2025-11-24 01:07:46] [详细     ] [StudentScoreSystem] 获取会话角色成功 - SessionID: c105fba6-86b3-4e66-9a5f-8e6ca62e53e7, Roles: [Ljava.lang.Object;@1c2f7afb 
[2025-11-24 01:07:46] [信息     ] [StudentScoreSystem] 用户操作 - 用户[c105fba6-86b3-4e66-9a5f-8e6ca62e53e7] 执行操作: 用户登出, 详情: 无 
[2025-11-24 01:07:46] [信息     ] [StudentScoreSystem] 用户安全退出登录，SessionID: c105fba6-86b3-4e66-9a5f-8e6ca62e53e7 
[2025-11-24 01:07:46] [信息     ] [StudentScoreSystem] 系统事件 - 用户交互开始: 显示登录/注册界面 
[2025-11-24 01:07:47] [信息     ] [StudentScoreSystem] 系统事件 - 用户退出: 用户选择退出系统 
